<?xml version="1.0" encoding="UTF-8" ?>
<testsuite errors="0" failures="2" hostname="alumno-HP-ProDesk-600-G4-MT" name="estriangulo.FXMLDocumentControllerTest" skipped="0" tests="3" time="2.769" timestamp="2021-11-09T20:19:58">
  <properties>
[...]
</properties>
  <testcase classname="estriangulo.FXMLDocumentControllerTest" name="integrationTest__Isosceles_OK" time="2.108" />
  <testcase classname="estriangulo.FXMLDocumentControllerTest" name="integrationTest_LetterValues_KO" time="0.319">
    <failure message="expected:&lt;[No hay suficientes datos]&gt; but was:&lt;[Es un triángulo equilatero]&gt;" type="junit.framework.AssertionFailedError">junit.framework.AssertionFailedError: expected:&lt;[No hay suficientes datos]&gt; but was:&lt;[Es un triángulo equilatero]&gt;
	at estriangulo.FXMLDocumentControllerTest.integrationTest_LetterValues_KO(FXMLDocumentControllerTest.java:59)
</failure>
  </testcase>
  <testcase classname="estriangulo.FXMLDocumentControllerTest" name="integrationTest_Equilatero_OK" time="0.298">
    <failure message="expected:&lt;[No hay suficientes datos]&gt; but was:&lt;[Es un triángulo equilatero]&gt;" type="junit.framework.AssertionFailedError">junit.framework.AssertionFailedError: expected:&lt;[No hay suficientes datos]&gt; but was:&lt;[Es un triángulo equilatero]&gt;
	at estriangulo.FXMLDocumentControllerTest.integrationTest_Equilatero_OK(FXMLDocumentControllerTest.java:46)
</failure>
  </testcase>
  <system-out><![CDATA[]]></system-out>
  <system-err><![CDATA[nov 09, 2021 9:19:58 PM javafx.fxml.FXMLLoader$ValueElement processValue
WARNING: Loading FXML document with JavaFX API of version 8.0.171 by JavaFX runtime of version 8.0.111
nov 09, 2021 9:20:00 PM javafx.fxml.FXMLLoader$ValueElement processValue
WARNING: Loading FXML document with JavaFX API of version 8.0.171 by JavaFX runtime of version 8.0.111
nov 09, 2021 9:20:01 PM javafx.fxml.FXMLLoader$ValueElement processValue
WARNING: Loading FXML document with JavaFX API of version 8.0.171 by JavaFX runtime of version 8.0.111
]]></system-err>
</testsuite>
