<?xml version="1.0" encoding="UTF-8" ?>
<testsuite errors="1" failures="0" hostname="rafael-VirtualBox" name="estriangulo.Common.JavaFXThreadingRule" skipped="0" tests="1" time="0.111" timestamp="2021-10-27T12:32:06">
  <properties>
[...]
</properties>
  <testcase classname="estriangulo.Common.JavaFXThreadingRule" name="initializationError" time="0.013">
    <error message="No runnable methods" type="java.lang.Exception">java.lang.Exception: No runnable methods
	at java.lang.reflect.Constructor.newInstance(Constructor.java:423)
</error>
  </testcase>
  <system-out><![CDATA[]]></system-out>
  <system-err><![CDATA[]]></system-err>
</testsuite>
